Flow report for AES_in_UART
Fri Apr 19 10:43:03 2024
Quartus Prime Version 20.1.0 Build 711 06/05/2020 SJ Lite Edition


---------------------
; Table of Contents ;
---------------------
  1. Legal Notice
  2. Flow Summary
  3. Flow Settings
  4. Flow Non-Default Global Settings
  5. Flow Elapsed Time
  6. Flow OS Summary
  7. Flow Log
  8. Flow Messages
  9. Flow Suppressed Messages



----------------
; Legal Notice ;
----------------
Copyright (C) 2020  Intel Corporation. All rights reserved.
Your use of Intel Corporation's design tools, logic functions 
and other software and tools, and any partner logic 
functions, and any output files from any of the foregoing 
(including device programming or simulation files), and any 
associated documentation or information are expressly subject 
to the terms and conditions of the Intel Program License 
Subscription Agreement, the Intel Quartus Prime License Agreement,
the Intel FPGA IP License Agreement, or other applicable license
agreement, including, without limitation, that your use is for
the sole purpose of programming logic devices manufactured by
Intel and sold by Intel or its authorized distributors.  Please
refer to the applicable agreement for further details, at
https://fpgasoftware.intel.com/eula.



+-------------------------------------------------------------------------------+
; Flow Summary                                                                  ;
+---------------------------------+---------------------------------------------+
; Flow Status                     ; Successful - Fri Apr 19 10:43:03 2024       ;
; Quartus Prime Version           ; 20.1.0 Build 711 06/05/2020 SJ Lite Edition ;
; Revision Name                   ; AES_in_UART                                 ;
; Top-level Entity Name           ; key_generator                               ;
; Family                          ; Cyclone V                                   ;
; Device                          ; 5CSXFC6D6F31C6                              ;
; Timing Models                   ; Final                                       ;
; Logic utilization (in ALMs)     ; 2,607 / 41,910 ( 6 % )                      ;
; Total registers                 ; 0                                           ;
; Total pins                      ; 260 / 499 ( 52 % )                          ;
; Total virtual pins              ; 0                                           ;
; Total block memory bits         ; 0 / 5,662,720 ( 0 % )                       ;
; Total DSP Blocks                ; 0 / 112 ( 0 % )                             ;
; Total HSSI RX PCSs              ; 0 / 9 ( 0 % )                               ;
; Total HSSI PMA RX Deserializers ; 0 / 9 ( 0 % )                               ;
; Total HSSI TX PCSs              ; 0 / 9 ( 0 % )                               ;
; Total HSSI PMA TX Serializers   ; 0 / 9 ( 0 % )                               ;
; Total PLLs                      ; 0 / 15 ( 0 % )                              ;
; Total DLLs                      ; 0 / 4 ( 0 % )                               ;
+---------------------------------+---------------------------------------------+


+-----------------------------------------+
; Flow Settings                           ;
+-------------------+---------------------+
; Option            ; Setting             ;
+-------------------+---------------------+
; Start date & time ; 04/19/2024 10:39:31 ;
; Main task         ; Compilation         ;
; Revision Name     ; AES_in_UART         ;
+-------------------+---------------------+


+--------------------------------------------------------------------------------------------------------------------------------------------------+
; Flow Non-Default Global Settings                                                                                                                 ;
+-------------------------------------+----------------------------------------+---------------+---------------+-----------------------------------+
; Assignment Name                     ; Value                                  ; Default Value ; Entity Name   ; Section Id                        ;
+-------------------------------------+----------------------------------------+---------------+---------------+-----------------------------------+
; COMPILER_SIGNATURE_ID               ; 260097676359739.171350517114929        ; --            ; --            ; --                                ;
; EDA_GENERATE_FUNCTIONAL_NETLIST     ; Off                                    ; --            ; --            ; eda_board_design_timing           ;
; EDA_GENERATE_FUNCTIONAL_NETLIST     ; Off                                    ; --            ; --            ; eda_board_design_boundary_scan    ;
; EDA_GENERATE_FUNCTIONAL_NETLIST     ; Off                                    ; --            ; --            ; eda_board_design_signal_integrity ;
; EDA_GENERATE_FUNCTIONAL_NETLIST     ; Off                                    ; --            ; --            ; eda_board_design_symbol           ;
; EDA_OUTPUT_DATA_FORMAT              ; Verilog Hdl                            ; --            ; --            ; eda_simulation                    ;
; EDA_SIMULATION_TOOL                 ; ModelSim-Altera (Verilog)              ; <None>        ; --            ; --                                ;
; EDA_TIME_SCALE                      ; 1 ps                                   ; --            ; --            ; eda_simulation                    ;
; MAX_CORE_JUNCTION_TEMP              ; 85                                     ; --            ; --            ; --                                ;
; MIN_CORE_JUNCTION_TEMP              ; 0                                      ; --            ; --            ; --                                ;
; PARTITION_COLOR                     ; -- (Not supported for targeted family) ; --            ; key_generator ; Top                               ;
; PARTITION_FITTER_PRESERVATION_LEVEL ; -- (Not supported for targeted family) ; --            ; key_generator ; Top                               ;
; PARTITION_NETLIST_TYPE              ; -- (Not supported for targeted family) ; --            ; key_generator ; Top                               ;
; PROJECT_OUTPUT_DIRECTORY            ; output_files                           ; --            ; --            ; --                                ;
; TOP_LEVEL_ENTITY                    ; key_generator                          ; AES_in_UART   ; --            ; --                                ;
+-------------------------------------+----------------------------------------+---------------+---------------+-----------------------------------+


+--------------------------------------------------------------------------------------------------------------------------+
; Flow Elapsed Time                                                                                                        ;
+----------------------+--------------+-------------------------+---------------------+------------------------------------+
; Module Name          ; Elapsed Time ; Average Processors Used ; Peak Virtual Memory ; Total CPU Time (on all processors) ;
+----------------------+--------------+-------------------------+---------------------+------------------------------------+
; Analysis & Synthesis ; 00:00:31     ; 1.0                     ; 484 MB              ; 00:00:46                           ;
; Fitter               ; 00:02:27     ; 1.0                     ; 1615 MB             ; 00:04:08                           ;
; Assembler            ; 00:00:09     ; 1.0                     ; 547 MB              ; 00:00:09                           ;
; Timing Analyzer      ; 00:00:16     ; 1.4                     ; 846 MB              ; 00:00:21                           ;
; EDA Netlist Writer   ; 00:00:03     ; 1.0                     ; 732 MB              ; 00:00:03                           ;
; Total                ; 00:03:26     ; --                      ; --                  ; 00:05:27                           ;
+----------------------+--------------+-------------------------+---------------------+------------------------------------+


+----------------------------------------------------------------------------------------+
; Flow OS Summary                                                                        ;
+----------------------+------------------+----------------+------------+----------------+
; Module Name          ; Machine Hostname ; OS Name        ; OS Version ; Processor type ;
+----------------------+------------------+----------------+------------+----------------+
; Analysis & Synthesis ; muslim-314       ; Ubuntu 18.04.6 ; 18         ; x86_64         ;
; Fitter               ; muslim-314       ; Ubuntu 18.04.6 ; 18         ; x86_64         ;
; Assembler            ; muslim-314       ; Ubuntu 18.04.6 ; 18         ; x86_64         ;
; Timing Analyzer      ; muslim-314       ; Ubuntu 18.04.6 ; 18         ; x86_64         ;
; EDA Netlist Writer   ; muslim-314       ; Ubuntu 18.04.6 ; 18         ; x86_64         ;
+----------------------+------------------+----------------+------------+----------------+


------------
; Flow Log ;
------------
quartus_map --read_settings_files=on --write_settings_files=off AES_in_UART -c AES_in_UART
quartus_fit --read_settings_files=off --write_settings_files=off AES_in_UART -c AES_in_UART
quartus_asm --read_settings_files=off --write_settings_files=off AES_in_UART -c AES_in_UART
quartus_sta AES_in_UART -c AES_in_UART
quartus_eda --read_settings_files=off --write_settings_files=off AES_in_UART -c AES_in_UART



